Running : 32 cores
Run 1
Running 10 iterations at 1 second intervals
[hc09:12926:0] Caught signal 11 (Segmentation fault)
==== backtrace ====
 2 0x000000000006ba2c mxm_handle_error()  /var/tmp/OFED_topdir/BUILD/mxm-3.7.3111/src/mxm/util/debug/debug.c:641
 3 0x000000000006bf7c mxm_error_signal_handler()  /var/tmp/OFED_topdir/BUILD/mxm-3.7.3111/src/mxm/util/debug/debug.c:616
 4 0x0000000000036280 killpg()  ??:0
 5 0x00000000000a87bb opal_memory_ptmalloc2_int_free()  ??:0
 6 0x00000000000a8cc3 opal_memory_ptmalloc2_free()  ??:0
 7 0x00000000004037f0 listenToEvents()  ??:0
 8 0x0000000000402d95 base()  ??:0
 9 0x000000000040162a main()  ??:0
10 0x00000000000223d5 __libc_start_main()  ??:0
11 0x00000000004014f9 _start()  ??:0
===================
srun: error: hc09: task 0: Segmentation fault (core dumped)
srun: Job step aborted: Waiting up to 12 seconds for job step to finish.
slurmstepd: error: *** JOB 4839972 ON hc09 CANCELLED AT 2019-10-15T23:30:57 ***
slurmstepd: error: *** STEP 4839972.0 ON hc09 CANCELLED AT 2019-10-15T23:30:57 ***
